{"column":"19","environment":"test","file":"node_modules/.pnpm/winston@3.17.0/node_modules/winston/lib/winston/create-logger.js","host":"mongodb://localhost:27017/banking_api","level":"info","line":"95","message":"Connecting to MongoDB...","service":"banking-api","timestamp":"2025-08-28 00:36:01"}
{"column":"19","file":"node_modules/.pnpm/winston@3.17.0/node_modules/winston/lib/winston/create-logger.js","level":"info","line":"95","message":"MongoDB connected successfully","readyState":1,"service":"banking-api","timestamp":"2025-08-28 00:36:01"}
{"column":"10","file":"file:/home/frd/Workspace/nodejs/server.js","level":"info","line":"18","message":"server running at port 5000","service":"banking-api","timestamp":"2025-08-28 00:36:01"}
{"column":"14","file":"file:/home/frd/Workspace/nodejs/app/Services/EmailService.js","level":"info","line":"37","message":"Email service initialized successfully","service":"banking-api","timestamp":"2025-08-28 00:36:02"}
{"column":"19","environment":"test","file":"node_modules/.pnpm/winston@3.17.0/node_modules/winston/lib/winston/create-logger.js","host":"mongodb://localhost:27017/banking_api","level":"info","line":"95","message":"Connecting to MongoDB...","service":"banking-api","timestamp":"2025-08-28 00:38:05"}
{"column":"19","file":"node_modules/.pnpm/winston@3.17.0/node_modules/winston/lib/winston/create-logger.js","level":"info","line":"95","message":"MongoDB connected successfully","readyState":1,"service":"banking-api","timestamp":"2025-08-28 00:38:05"}
{"column":"10","file":"file:/home/frd/Workspace/nodejs/server.js","level":"info","line":"18","message":"server running at port 5000","service":"banking-api","timestamp":"2025-08-28 00:38:05"}
{"column":"14","file":"file:/home/frd/Workspace/nodejs/app/Services/EmailService.js","level":"info","line":"37","message":"Email service initialized successfully","service":"banking-api","timestamp":"2025-08-28 00:38:07"}
{"column":"19","file":"node_modules/.pnpm/winston@3.17.0/node_modules/winston/lib/winston/create-logger.js","ip":"::ffff:127.0.0.1","level":"info","line":"95","message":"Incoming request","method":"GET","service":"banking-api","timestamp":"2025-08-28 00:38:38","url":"/api/transactions","userAgent":"vscode-restclient"}
{"column":"19","duration":"12ms","file":"node_modules/.pnpm/winston@3.17.0/node_modules/winston/lib/winston/create-logger.js","ip":"::ffff:127.0.0.1","level":"info","line":"95","message":"Request completed","method":"GET","service":"banking-api","statusCode":401,"timestamp":"2025-08-28 00:38:38","url":"/api/transactions"}
{"column":"19","environment":"test","file":"node_modules/.pnpm/winston@3.17.0/node_modules/winston/lib/winston/create-logger.js","host":"mongodb://localhost:27017/banking_api","level":"info","line":"95","message":"Connecting to MongoDB...","service":"banking-api","timestamp":"2025-08-28 00:39:11"}
{"column":"19","file":"node_modules/.pnpm/winston@3.17.0/node_modules/winston/lib/winston/create-logger.js","level":"info","line":"95","message":"MongoDB connected successfully","readyState":1,"service":"banking-api","timestamp":"2025-08-28 00:39:11"}
{"column":"10","file":"file:/home/frd/Workspace/nodejs/server.js","level":"info","line":"18","message":"server running at port 5000","service":"banking-api","timestamp":"2025-08-28 00:39:11"}
{"column":"14","file":"file:/home/frd/Workspace/nodejs/app/Services/EmailService.js","level":"info","line":"37","message":"Email service initialized successfully","service":"banking-api","timestamp":"2025-08-28 00:39:12"}
{"column":"19","file":"node_modules/.pnpm/winston@3.17.0/node_modules/winston/lib/winston/create-logger.js","ip":"::ffff:127.0.0.1","level":"info","line":"95","message":"Incoming request","method":"GET","service":"banking-api","timestamp":"2025-08-28 00:39:32","url":"/api/transactions","userAgent":"vscode-restclient"}
{"column":"19","duration":"8ms","file":"node_modules/.pnpm/winston@3.17.0/node_modules/winston/lib/winston/create-logger.js","ip":"::ffff:127.0.0.1","level":"info","line":"95","message":"Request completed","method":"GET","service":"banking-api","statusCode":401,"timestamp":"2025-08-28 00:39:32","url":"/api/transactions"}
{"column":"19","file":"node_modules/.pnpm/winston@3.17.0/node_modules/winston/lib/winston/create-logger.js","ip":"::ffff:127.0.0.1","level":"info","line":"95","message":"Incoming request","method":"GET","service":"banking-api","timestamp":"2025-08-28 00:39:36","url":"/api/transactions","userAgent":"vscode-restclient"}
{"column":"19","duration":"2ms","file":"node_modules/.pnpm/winston@3.17.0/node_modules/winston/lib/winston/create-logger.js","ip":"::ffff:127.0.0.1","level":"info","line":"95","message":"Request completed","method":"GET","service":"banking-api","statusCode":401,"timestamp":"2025-08-28 00:39:36","url":"/api/transactions"}
{"column":"19","environment":"test","file":"node_modules/.pnpm/winston@3.17.0/node_modules/winston/lib/winston/create-logger.js","host":"mongodb://localhost:27017/banking_api","level":"info","line":"95","message":"Connecting to MongoDB...","service":"banking-api","timestamp":"2025-08-28 00:40:07"}
{"column":"19","file":"node_modules/.pnpm/winston@3.17.0/node_modules/winston/lib/winston/create-logger.js","level":"info","line":"95","message":"MongoDB connected successfully","readyState":1,"service":"banking-api","timestamp":"2025-08-28 00:40:07"}
{"column":"10","file":"file:/home/frd/Workspace/nodejs/server.js","level":"info","line":"18","message":"server running at port 5000","service":"banking-api","timestamp":"2025-08-28 00:40:07"}
{"column":"14","file":"file:/home/frd/Workspace/nodejs/app/Services/EmailService.js","level":"info","line":"37","message":"Email service initialized successfully","service":"banking-api","timestamp":"2025-08-28 00:40:08"}
{"column":"19","file":"node_modules/.pnpm/winston@3.17.0/node_modules/winston/lib/winston/create-logger.js","ip":"::ffff:127.0.0.1","level":"info","line":"95","message":"Incoming request","method":"GET","service":"banking-api","timestamp":"2025-08-28 00:41:01","url":"/api/transactions","userAgent":"vscode-restclient"}
{"column":"19","duration":"39ms","file":"node_modules/.pnpm/winston@3.17.0/node_modules/winston/lib/winston/create-logger.js","ip":"::ffff:127.0.0.1","level":"info","line":"95","message":"Request completed","method":"GET","service":"banking-api","statusCode":401,"timestamp":"2025-08-28 00:41:01","url":"/api/transactions"}
{"column":"19","environment":"test","file":"node_modules/.pnpm/winston@3.17.0/node_modules/winston/lib/winston/create-logger.js","host":"mongodb://localhost:27017/banking_api","level":"info","line":"95","message":"Connecting to MongoDB...","service":"banking-api","timestamp":"2025-08-28 00:41:51"}
{"column":"19","file":"node_modules/.pnpm/winston@3.17.0/node_modules/winston/lib/winston/create-logger.js","level":"info","line":"95","message":"MongoDB connected successfully","readyState":1,"service":"banking-api","timestamp":"2025-08-28 00:41:51"}
{"column":"10","file":"file:/home/frd/Workspace/nodejs/server.js","level":"info","line":"18","message":"server running at port 5000","service":"banking-api","timestamp":"2025-08-28 00:41:51"}
{"column":"14","file":"file:/home/frd/Workspace/nodejs/app/Services/EmailService.js","level":"info","line":"37","message":"Email service initialized successfully","service":"banking-api","timestamp":"2025-08-28 00:41:52"}
{"column":"19","environment":"test","file":"node_modules/.pnpm/winston@3.17.0/node_modules/winston/lib/winston/create-logger.js","host":"mongodb://localhost:27017/banking_api","level":"info","line":"95","message":"Connecting to MongoDB...","service":"banking-api","timestamp":"2025-08-28 00:44:59"}
{"column":"19","file":"node_modules/.pnpm/winston@3.17.0/node_modules/winston/lib/winston/create-logger.js","level":"info","line":"95","message":"MongoDB connected successfully","readyState":1,"service":"banking-api","timestamp":"2025-08-28 00:44:59"}
{"column":"10","file":"file:/home/frd/Workspace/nodejs/server.js","level":"info","line":"18","message":"server running at port 5000","service":"banking-api","timestamp":"2025-08-28 00:44:59"}
{"column":"14","file":"file:/home/frd/Workspace/nodejs/app/Services/EmailService.js","level":"info","line":"37","message":"Email service initialized successfully","service":"banking-api","timestamp":"2025-08-28 00:45:00"}
{"column":"19","environment":"test","file":"node_modules/.pnpm/winston@3.17.0/node_modules/winston/lib/winston/create-logger.js","host":"mongodb://localhost:27017/banking_api","level":"info","line":"95","message":"Connecting to MongoDB...","service":"banking-api","timestamp":"2025-08-28 00:45:26"}
{"column":"19","file":"node_modules/.pnpm/winston@3.17.0/node_modules/winston/lib/winston/create-logger.js","level":"info","line":"95","message":"MongoDB connected successfully","readyState":1,"service":"banking-api","timestamp":"2025-08-28 00:45:26"}
{"column":"10","file":"file:/home/frd/Workspace/nodejs/server.js","level":"info","line":"18","message":"server running at port 5000","service":"banking-api","timestamp":"2025-08-28 00:45:26"}
{"column":"14","file":"file:/home/frd/Workspace/nodejs/app/Services/EmailService.js","level":"info","line":"37","message":"Email service initialized successfully","service":"banking-api","timestamp":"2025-08-28 00:45:27"}
{"column":"19","environment":"test","file":"node_modules/.pnpm/winston@3.17.0/node_modules/winston/lib/winston/create-logger.js","host":"mongodb://localhost:27017/banking_api","level":"info","line":"95","message":"Connecting to MongoDB...","service":"banking-api","timestamp":"2025-08-28 00:48:09"}
{"column":"19","file":"node_modules/.pnpm/winston@3.17.0/node_modules/winston/lib/winston/create-logger.js","level":"info","line":"95","message":"MongoDB connected successfully","readyState":1,"service":"banking-api","timestamp":"2025-08-28 00:48:09"}
{"column":"10","file":"file:/home/frd/Workspace/nodejs/server.js","level":"info","line":"18","message":"server running at port 5000","service":"banking-api","timestamp":"2025-08-28 00:48:09"}
{"column":"14","file":"file:/home/frd/Workspace/nodejs/app/Services/EmailService.js","level":"info","line":"37","message":"Email service initialized successfully","service":"banking-api","timestamp":"2025-08-28 00:48:10"}
{"column":"19","environment":"test","file":"node_modules/.pnpm/winston@3.17.0/node_modules/winston/lib/winston/create-logger.js","host":"mongodb://localhost:27017/banking_api","level":"info","line":"95","message":"Connecting to MongoDB...","service":"banking-api","timestamp":"2025-08-28 00:48:29"}
{"column":"19","file":"node_modules/.pnpm/winston@3.17.0/node_modules/winston/lib/winston/create-logger.js","level":"info","line":"95","message":"MongoDB connected successfully","readyState":1,"service":"banking-api","timestamp":"2025-08-28 00:48:29"}
{"column":"10","file":"file:/home/frd/Workspace/nodejs/server.js","level":"info","line":"18","message":"server running at port 5000","service":"banking-api","timestamp":"2025-08-28 00:48:29"}
{"column":"14","file":"file:/home/frd/Workspace/nodejs/app/Services/EmailService.js","level":"info","line":"37","message":"Email service initialized successfully","service":"banking-api","timestamp":"2025-08-28 00:48:31"}
